This is pdfTeX, Version 3.1415926-2.3-1.40.12 (TeX Live 2011) (format=pdflatex 2011.7.3)  11 APR 2013 00:27
entering extended mode
 \write18 enabled.
 file:line:error style messages enabled.
 %&-line parsing enabled.
**exos_list.tex
(./exos_list.tex
LaTeX2e <2009/09/24>
Babel <v3.8l> and hyphenation patterns for english, dumylang, nohyphenation, ge
rman-x-2009-06-19, ngerman-x-2009-06-19, afrikaans, ancientgreek, ibycus, arabi
c, armenian, basque, bulgarian, catalan, pinyin, coptic, croatian, czech, danis
h, dutch, ukenglish, usenglishmax, esperanto, estonian, ethiopic, farsi, finnis
h, french, galician, german, ngerman, swissgerman, monogreek, greek, hungarian,
 icelandic, assamese, bengali, gujarati, hindi, kannada, malayalam, marathi, or
iya, panjabi, tamil, telugu, indonesian, interlingua, irish, italian, kurmanji,
 lao, latin, latvian, lithuanian, mongolian, mongolianlmc, bokmal, nynorsk, pol
ish, portuguese, romanian, russian, sanskrit, serbian, serbianc, slovak, sloven
ian, spanish, swedish, turkish, turkmen, ukrainian, uppersorbian, welsh, loaded
.
(/usr/local/texlive/2011/texmf-dist/tex/latex/aastex/aastex.cls
Document Class: aastex 2005/06/22 5.2/AAS markup document class
Class aastex Info: Original \LaTeX2.09 style by Chris Biemesderfer (chris@seago
at.com). Adapted to \LaTeXe by A. Ogawa (ogawa@teleport.com) on input line 83.
(/usr/local/texlive/2011/texmf-dist/tex/latex/base/article.cls
Document Class: article 2007/10/19 v1.4h Standard LaTeX document class
(/usr/local/texlive/2011/texmf-dist/tex/latex/base/size12.clo
File: size12.clo 2007/10/19 v1.4h Standard LaTeX file (size option)
)
\c@part=\count79
\c@section=\count80
\c@subsection=\count81
\c@subsubsection=\count82
\c@paragraph=\count83
\c@subparagraph=\count84
\c@figure=\count85
\c@table=\count86
\abovecaptionskip=\skip41
\belowcaptionskip=\skip42
\bibindent=\dimen102
)
(/usr/local/texlive/2011/texmf-dist/tex/latex/base/latexsym.sty
Package: latexsym 1998/08/17 v2.2e Standard LaTeX package (lasy symbols)
\symlasy=\mathgroup4
LaTeX Font Info:    Overwriting symbol font `lasy' in version `bold'
(Font)                  U/lasy/m/n --> U/lasy/b/n on input line 47.
)
(/usr/local/texlive/2011/texmf-dist/tex/latex/graphics/graphicx.sty
Package: graphicx 1999/02/16 v1.0f Enhanced LaTeX Graphics (DPC,SPQR)

(/usr/local/texlive/2011/texmf-dist/tex/latex/graphics/keyval.sty
Package: keyval 1999/03/16 v1.13 key=value parser (DPC)
\KV@toks@=\toks14
)
(/usr/local/texlive/2011/texmf-dist/tex/latex/graphics/graphics.sty
Package: graphics 2009/02/05 v1.0o Standard LaTeX Graphics (DPC,SPQR)

(/usr/local/texlive/2011/texmf-dist/tex/latex/graphics/trig.sty
Package: trig 1999/03/16 v1.09 sin cos tan (DPC)
)
(/usr/local/texlive/2011/texmf-dist/tex/latex/latexconfig/graphics.cfg
File: graphics.cfg 2010/04/23 v1.9 graphics configuration of TeX Live
)
Package graphics Info: Driver file: pdftex.def on input line 91.

(/usr/local/texlive/2011/texmf-dist/tex/latex/pdftex-def/pdftex.def
File: pdftex.def 2011/05/27 v0.06d Graphics/color for pdfTeX

(/usr/local/texlive/2011/texmf-dist/tex/generic/oberdiek/infwarerr.sty
Package: infwarerr 2010/04/08 v1.3 Providing info/warning/message (HO)
)
(/usr/local/texlive/2011/texmf-dist/tex/generic/oberdiek/ltxcmds.sty
Package: ltxcmds 2011/04/18 v1.20 LaTeX kernel commands for general use (HO)
)
\Gread@gobject=\count87
))
\Gin@req@height=\dimen103
\Gin@req@width=\dimen104
)
(/usr/local/texlive/2011/texmf-dist/tex/latex/amsfonts/amssymb.sty
Package: amssymb 2009/06/22 v3.00

(/usr/local/texlive/2011/texmf-dist/tex/latex/amsfonts/amsfonts.sty
Package: amsfonts 2009/06/22 v3.00 Basic AMSFonts support
\@emptytoks=\toks15
\symAMSa=\mathgroup5
\symAMSb=\mathgroup6
LaTeX Font Info:    Overwriting math alphabet `\mathfrak' in version `bold'
(Font)                  U/euf/m/n --> U/euf/b/n on input line 96.
))
(/usr/local/texlive/2011/texmf-dist/tex/latex/natbib/natbib.sty
Package: natbib 2010/09/13 8.31b (PWD, AO)
\bibhang=\skip43
\bibsep=\skip44
LaTeX Info: Redefining \cite on input line 694.
\c@NAT@ctr=\count88
)
(/usr/local/texlive/2011/texmf-dist/tex/latex/tools/verbatim.sty
Package: verbatim 2003/08/22 v1.5q LaTeX2e package for verbatim enhancements
\every@verbatim=\toks16
\verbatim@line=\toks17
\verbatim@in@stream=\read1
)
\@slugcmmntwidth=\dimen105
\abstract@box=\box26
\c@editornote=\count89
\c@cureqno=\count90
\tnotemarkskip=\skip45
\@abovenoteskip=\dimen106
\pt@box=\box27
\pt@width=\dimen107
\pt@line=\count91
\pt@column=\count92
\pt@nlines=\count93
\pt@ncol=\count94
\pt@page=\count95
\tabbaseskip=\dimen108
\pt@tmpcapwidth=\dimen109
\spew@tblnotesbox=\box28
\restof@tblnotesbox=\box29
\noteheight=\dimen110
\pt@tabnoteminht=\dimen111
\firsttabskip=\dimen112
\captionbox=\box30
\pt@reduceline=\dimen113
\extra@vspace=\dimen114
\c@plate=\count96
\my@footins=\box31
)
(/Users/lweiss/Dropbox/research/physical_quantities.tex) (./exos_list.aux)
\openout1 = `exos_list.aux'.

LaTeX Font Info:    Checking defaults for OML/cmm/m/it on input line 14.
LaTeX Font Info:    ... okay on input line 14.
LaTeX Font Info:    Checking defaults for T1/cmr/m/n on input line 14.
LaTeX Font Info:    ... okay on input line 14.
LaTeX Font Info:    Checking defaults for OT1/cmr/m/n on input line 14.
LaTeX Font Info:    ... okay on input line 14.
LaTeX Font Info:    Checking defaults for OMS/cmsy/m/n on input line 14.
LaTeX Font Info:    ... okay on input line 14.
LaTeX Font Info:    Checking defaults for OMX/cmex/m/n on input line 14.
LaTeX Font Info:    ... okay on input line 14.
LaTeX Font Info:    Checking defaults for U/cmr/m/n on input line 14.
LaTeX Font Info:    ... okay on input line 14.

(/usr/local/texlive/2011/texmf-dist/tex/context/base/supp-pdf.mkii
[Loading MPS to PDF converter (version 2006.09.02).]
\scratchcounter=\count97
\scratchdimen=\dimen115
\scratchbox=\box32
\nofMPsegments=\count98
\nofMParguments=\count99
\everyMPshowfont=\toks18
\MPscratchCnt=\count100
\MPscratchDim=\dimen116
\MPnumerator=\count101
\makeMPintoPDFobject=\count102
\everyMPtoPDFconversion=\toks19
) (/usr/local/texlive/2011/texmf-dist/tex/generic/oberdiek/pdftexcmds.sty
Package: pdftexcmds 2011/04/22 v0.16 Utilities of pdfTeX for LuaTeX (HO)

(/usr/local/texlive/2011/texmf-dist/tex/generic/oberdiek/ifluatex.sty
Package: ifluatex 2010/03/01 v1.3 Provides the ifluatex switch (HO)
Package ifluatex Info: LuaTeX not detected.
)
(/usr/local/texlive/2011/texmf-dist/tex/generic/oberdiek/ifpdf.sty
Package: ifpdf 2011/01/30 v2.3 Provides the ifpdf switch (HO)
Package ifpdf Info: pdfTeX in PDF mode is detected.
)
Package pdftexcmds Info: LuaTeX not detected.
Package pdftexcmds Info: \pdf@primitive is available.
Package pdftexcmds Info: \pdf@ifprimitive is available.
Package pdftexcmds Info: \pdfdraftmode found.
)
(/usr/local/texlive/2011/texmf-dist/tex/latex/oberdiek/epstopdf-base.sty
Package: epstopdf-base 2010/02/09 v2.5 Base part for package epstopdf

(/usr/local/texlive/2011/texmf-dist/tex/latex/oberdiek/grfext.sty
Package: grfext 2010/08/19 v1.1 Managing graphics extensions (HO)

(/usr/local/texlive/2011/texmf-dist/tex/generic/oberdiek/kvdefinekeys.sty
Package: kvdefinekeys 2011/04/07 v1.3 Defining keys (HO)
))
(/usr/local/texlive/2011/texmf-dist/tex/latex/oberdiek/kvoptions.sty
Package: kvoptions 2010/12/23 v3.10 Keyval support for LaTeX options (HO)

(/usr/local/texlive/2011/texmf-dist/tex/generic/oberdiek/kvsetkeys.sty
Package: kvsetkeys 2011/04/07 v1.13 Key value parser (HO)

(/usr/local/texlive/2011/texmf-dist/tex/generic/oberdiek/etexcmds.sty
Package: etexcmds 2011/02/16 v1.5 Prefix for e-TeX command names (HO)
Package etexcmds Info: Could not find \expanded.
(etexcmds)             That can mean that you are not using pdfTeX 1.50 or
(etexcmds)             that some package has redefined \expanded.
(etexcmds)             In the latter case, load this package earlier.
)))
Package grfext Info: Graphics extension search list:
(grfext)             [.png,.pdf,.jpg,.mps,.jpeg,.jbig2,.jb2,.PNG,.PDF,.JPG,.JPE
G,.JBIG2,.JB2,.eps]
(grfext)             \AppendGraphicsExtensions on input line 452.

(/usr/local/texlive/2011/texmf-dist/tex/latex/latexconfig/epstopdf-sys.cfg
File: epstopdf-sys.cfg 2010/07/13 v1.3 Configuration of (r)epstopdf for TeX Liv
e
))
AAS manuscript substyle, v5.2 <12 Dec 2003>.
LaTeX Font Info:    Try loading font information for U+lasy on input line 54.
(/usr/local/texlive/2011/texmf-dist/tex/latex/base/ulasy.fd
File: ulasy.fd 1998/08/17 v2.2e LaTeX symbol font definitions
)
LaTeX Font Info:    Try loading font information for U+msa on input line 54.

(/usr/local/texlive/2011/texmf-dist/tex/latex/amsfonts/umsa.fd
File: umsa.fd 2009/06/22 v3.00 AMS symbols A
)
LaTeX Font Info:    Try loading font information for U+msb on input line 54.

(/usr/local/texlive/2011/texmf-dist/tex/latex/amsfonts/umsb.fd
File: umsb.fd 2009/06/22 v3.00 AMS symbols B
)
./exos_list.tex:54: Missing $ inserted.
<inserted text> 
                $
l.54 \startdata
               
? 
./exos_list.tex:54: Extra }, or forgotten $.
\@preamble ...ignorespaces \@sharp \unskip \hfil }
                                                  \hskip \tabcolsep 
l.54 \startdata
               
? 
./exos_list.tex:54: Missing $ inserted.
<inserted text> 
                $
l.54 \startdata
               
? 
./exos_list.tex:54: Missing } inserted.
<inserted text> 
                }
l.54 \startdata
               
? 

Package natbib Warning: Citation `McArthur2004' on page 1 undefined on input li
ne 55.


Package natbib Warning: Citation `Endl2012' on page 1 undefined on input line 5
5.


Package natbib Warning: Citation `Barge2008' on page 1 undefined on input line 
56.


Package natbib Warning: Citation `Barge2008' on page 1 undefined on input line 
56.


Package natbib Warning: Citation `Bonomo2010' on page 1 undefined on input line
 57.


Package natbib Warning: Citation `Bonomo2010' on page 1 undefined on input line
 57.


Package natbib Warning: Citation `Gandolfi2010' on page 1 undefined on input li
ne 58.


Package natbib Warning: Citation `Gandolfi2010' on page 1 undefined on input li
ne 58.


Package natbib Warning: Citation `Gillon2010' on page 1 undefined on input line
 59.


Package natbib Warning: Citation `Gillon2010' on page 1 undefined on input line
 59.


Package natbib Warning: Citation `Cabrera2010' on page 1 undefined on input lin
e 60.


Package natbib Warning: Citation `Cabrera2010' on page 1 undefined on input lin
e 60.


Package natbib Warning: Citation `Tingley2011' on page 1 undefined on input lin
e 61.


Package natbib Warning: Citation `Tingley2011' on page 1 undefined on input lin
e 61.


Package natbib Warning: Citation `Ollivier2012' on page 1 undefined on input li
ne 62.


Package natbib Warning: Citation `Ollivier2012' on page 1 undefined on input li
ne 62.


Package natbib Warning: Citation `Csizmadia2011' on page 1 undefined on input l
ine 63.


Package natbib Warning: Citation `Csizmadia2011' on page 1 undefined on input l
ine 63.


Package natbib Warning: Citation `Hebrard2011' on page 1 undefined on input lin
e 64.


Package natbib Warning: Citation `Hebrard2011' on page 1 undefined on input lin
e 64.


Package natbib Warning: Citation `Guenther2012' on page 1 undefined on input li
ne 65.


Package natbib Warning: Citation `Guenther2012' on page 1 undefined on input li
ne 65.


Package natbib Warning: Citation `Alonso2008' on page 1 undefined on input line
 66.


Package natbib Warning: Citation `Gillon2010' on page 1 undefined on input line
 66.


Package natbib Warning: Citation `Rouan2012' on page 1 undefined on input line 
67.


Package natbib Warning: Citation `Rouan2012' on page 1 undefined on input line 
67.


Package natbib Warning: Citation `Deleuil2008' on page 1 undefined on input lin
e 68.


Package natbib Warning: Citation `Deleuil2008' on page 1 undefined on input lin
e 68.


Package natbib Warning: Citation `Moutou2008' on page 1 undefined on input line
 69.


Package natbib Warning: Citation `Aigrain2008' on page 1 undefined on input lin
e 69.


Package natbib Warning: Citation `Moutou2008' on page 1 undefined on input line
 69.


Package natbib Warning: Citation `Rauer2009' on page 1 undefined on input line 
70.


Package natbib Warning: Citation `Rauer2009' on page 1 undefined on input line 
70.


Package natbib Warning: Citation `Fridlund2010' on page 1 undefined on input li
ne 71.


Package natbib Warning: Citation `Fridlund2010' on page 1 undefined on input li
ne 71.


Package natbib Warning: Citation `Queloz2009' on page 1 undefined on input line
 72.


Package natbib Warning: Citation `Leger2009' on page 1 undefined on input line 
72.


Package natbib Warning: Citation `Queloz2009' on page 1 undefined on input line
 72.


Package natbib Warning: Citation `Borde2010' on page 1 undefined on input line 
73.


Package natbib Warning: Citation `Borde2010' on page 1 undefined on input line 
73.


Package natbib Warning: Citation `Deeg2010' on page 1 undefined on input line 7
4.


Package natbib Warning: Citation `Deeg2010' on page 1 undefined on input line 7
4.


Package natbib Warning: Citation `Charbonneau2009' on page 1 undefined on input
 line 75.


Package natbib Warning: Citation `Carter2011' on page 1 undefined on input line
 75.


Package natbib Warning: Citation `Bonfils2012' on page 1 undefined on input lin
e 76.


Package natbib Warning: Citation `Bonfils2012' on page 1 undefined on input lin
e 76.


Package natbib Warning: Citation `Butler2004' on page 1 undefined on input line
 77.


Package natbib Warning: Citation `Maness2007' on page 1 undefined on input line
 77.


Package natbib Warning: Citation `Bakos2007' on page 1 undefined on input line 
78.


Package natbib Warning: Citation `Bakos2007' on page 1 undefined on input line 
78.


Package natbib Warning: Citation `Bakos2010' on page 1 undefined on input line 
79.


Package natbib Warning: Citation `Bakos2010' on page 1 undefined on input line 
79.


Package natbib Warning: Citation `Hartman2009' on page 1 undefined on input lin
e 80.


Package natbib Warning: Citation `Hartman2009' on page 1 undefined on input lin
e 80.


Package natbib Warning: Citation `Bakos2009' on page 1 undefined on input line 
81.


Package natbib Warning: Citation `Winn2010' on page 1 undefined on input line 8
1.


Package natbib Warning: Citation `Torres2010' on page 1 undefined on input line
 82.


Package natbib Warning: Citation `Torres2010' on page 1 undefined on input line
 82.


Package natbib Warning: Citation `Kovacs2010' on page 1 undefined on input line
 83.


Package natbib Warning: Citation `Kovacs2010' on page 1 undefined on input line
 83.


Package natbib Warning: Citation `Buchhave2010' on page 1 undefined on input li
ne 84.


Package natbib Warning: Citation `Buchhave2010' on page 1 undefined on input li
ne 84.


Package natbib Warning: Citation `Howard2012' on page 1 undefined on input line
 85.


Package natbib Warning: Citation `Howard2012' on page 1 undefined on input line
 85.

Page 1 of table 1 has been set to width 330.90495pt with 35 lines per page 
[1{/usr/local/texlive/2011/texmf-var/fonts/map/pdftex/updmap/pdftex.map}]
./exos_list.tex:86: Missing $ inserted.
<inserted text> 
                $
l.86           H
                AT-P-18 b &     62.675 &     11.153 &     85.869 &      5.50...

? 
./exos_list.tex:86: Extra }, or forgotten $.
\@preamble ...ignorespaces \@sharp \unskip \hfil }
                                                  \hskip \tabcolsep 
l.86           H
                AT-P-18 b &     62.675 &     11.153 &     85.869 &      5.50...

? 
./exos_list.tex:86: Missing $ inserted.
<inserted text> 
                $
l.86           H
                AT-P-18 b &     62.675 &     11.153 &     85.869 &      5.50...

? 
./exos_list.tex:86: Missing } inserted.
<inserted text> 
                }
l.86           H
                AT-P-18 b &     62.675 &     11.153 &     85.869 &      5.50...

? 

Package natbib Warning: Citation `Hartman2011' on page 2 undefined on input lin
e 86.


Package natbib Warning: Citation `Hartman2011' on page 2 undefined on input lin
e 86.


Package natbib Warning: Citation `Hartman2011' on page 2 undefined on input lin
e 87.


Package natbib Warning: Citation `Hartman2011' on page 2 undefined on input lin
e 87.


Package natbib Warning: Citation `Bakos2007' on page 2 undefined on input line 
88.


Package natbib Warning: Citation `Pal2010' on page 2 undefined on input line 88
.


Package natbib Warning: Citation `Bakos2011' on page 2 undefined on input line 
89.


Package natbib Warning: Citation `Bakos2011' on page 2 undefined on input line 
89.


Package natbib Warning: Citation `Bakos2011' on page 2 undefined on input line 
90.


Package natbib Warning: Citation `Bakos2011' on page 2 undefined on input line 
90.


Package natbib Warning: Citation `Bakos2011' on page 2 undefined on input line 
91.


Package natbib Warning: Citation `Bakos2011' on page 2 undefined on input line 
91.


Package natbib Warning: Citation `Bakos2011' on page 2 undefined on input line 
92.


Package natbib Warning: Citation `Bakos2011' on page 2 undefined on input line 
92.


Package natbib Warning: Citation `Kipping2010' on page 2 undefined on input lin
e 93.


Package natbib Warning: Citation `Kipping2010' on page 2 undefined on input lin
e 93.


Package natbib Warning: Citation `Quinn2012' on page 2 undefined on input line 
94.


Package natbib Warning: Citation `Quinn2012' on page 2 undefined on input line 
94.


Package natbib Warning: Citation `Hartman2011' on page 2 undefined on input lin
e 95.


Package natbib Warning: Citation `Hartman2011' on page 2 undefined on input lin
e 95.


Package natbib Warning: Citation `Anderson2011' on page 2 undefined on input li
ne 96.


Package natbib Warning: Citation `Brown2012' on page 2 undefined on input line 
96.


Package natbib Warning: Citation `Buchhave2011' on page 2 undefined on input li
ne 97.


Package natbib Warning: Citation `Buchhave2011' on page 2 undefined on input li
ne 97.


Package natbib Warning: Citation `Buchhave2011' on page 2 undefined on input li
ne 98.


Package natbib Warning: Citation `Buchhave2011' on page 2 undefined on input li
ne 98.


Package natbib Warning: Citation `Torres2007' on page 2 undefined on input line
 99.


Package natbib Warning: Citation `Torres2008' on page 2 undefined on input line
 99.


Package natbib Warning: Citation `Johnson2011' on page 2 undefined on input lin
e 100.


Package natbib Warning: Citation `Johnson2011' on page 2 undefined on input lin
e 100.


Package natbib Warning: Citation `Kipping2011' on page 2 undefined on input lin
e 101.


Package natbib Warning: Citation `Kipping2011' on page 2 undefined on input lin
e 101.


Package natbib Warning: Citation `Hartman2011' on page 2 undefined on input lin
e 102.


Package natbib Warning: Citation `Hartman2011' on page 2 undefined on input lin
e 102.


Package natbib Warning: Citation `Hartman2011' on page 2 undefined on input lin
e 103.


Package natbib Warning: Citation `Hartman2011' on page 2 undefined on input lin
e 103.


Package natbib Warning: Citation `Bakos2012' on page 2 undefined on input line 
104.


Package natbib Warning: Citation `Bakos2012' on page 2 undefined on input line 
104.


Package natbib Warning: Citation `Bakos2012' on page 2 undefined on input line 
105.


Package natbib Warning: Citation `Bakos2012' on page 2 undefined on input line 
105.


Package natbib Warning: Citation `Bakos2012' on page 2 undefined on input line 
106.


Package natbib Warning: Citation `Bakos2012' on page 2 undefined on input line 
106.


Package natbib Warning: Citation `Bakos2012' on page 2 undefined on input line 
107.


Package natbib Warning: Citation `Bakos2012' on page 2 undefined on input line 
107.


Package natbib Warning: Citation `Sato2012' on page 2 undefined on input line 1
08.


Package natbib Warning: Citation `Sato2012' on page 2 undefined on input line 1
08.


Package natbib Warning: Citation `Hartman2012' on page 2 undefined on input lin
e 109.


Package natbib Warning: Citation `Hartman2012' on page 2 undefined on input lin
e 109.


Package natbib Warning: Citation `Kovacs2007' on page 2 undefined on input line
 110.


Package natbib Warning: Citation `Kovacs2007' on page 2 undefined on input line
 110.


Package natbib Warning: Citation `Hartman2012' on page 2 undefined on input lin
e 111.


Package natbib Warning: Citation `Hartman2012' on page 2 undefined on input lin
e 111.


Package natbib Warning: Citation `Hartman2012' on page 2 undefined on input lin
e 112.


Package natbib Warning: Citation `Hartman2012' on page 2 undefined on input lin
e 112.


Package natbib Warning: Citation `Bakos2007' on page 2 undefined on input line 
113.


Package natbib Warning: Citation `Bakos2007' on page 2 undefined on input line 
113.


Package natbib Warning: Citation `Noyes2008' on page 2 undefined on input line 
114.


Package natbib Warning: Citation `Noyes2008' on page 2 undefined on input line 
114.


Package natbib Warning: Citation `Pal2008' on page 2 undefined on input line 11
5.


Package natbib Warning: Citation `Winn2009' on page 2 undefined on input line 1
15.


Package natbib Warning: Citation `Latham2009' on page 2 undefined on input line
 116.


Package natbib Warning: Citation `Latham2009' on page 2 undefined on input line
 116.

Page 2 of table 1 has been set to width 330.65218pt with 35 lines per page 
[2]
./exos_list.tex:117: Missing $ inserted.
<inserted text> 
                $
l.117            H
                  AT-P-9 b &    246.817 &     15.693 &    909.503 &      3.9...

? 
./exos_list.tex:117: Extra }, or forgotten $.
\@preamble ...ignorespaces \@sharp \unskip \hfil }
                                                  \hskip \tabcolsep 
l.117            H
                  AT-P-9 b &    246.817 &     15.693 &    909.503 &      3.9...

? 
./exos_list.tex:117: Missing $ inserted.
<inserted text> 
                $
l.117            H
                  AT-P-9 b &    246.817 &     15.693 &    909.503 &      3.9...

? 
./exos_list.tex:117: Missing } inserted.
<inserted text> 
                }
l.117            H
                  AT-P-9 b &    246.817 &     15.693 &    909.503 &      3.9...

? 

Package natbib Warning: Citation `Shporer2009' on page 3 undefined on input lin
e 117.


Package natbib Warning: Citation `Shporer2009' on page 3 undefined on input lin
e 117.


Package natbib Warning: Citation `Penev2013' on page 3 undefined on input line 
118.


Package natbib Warning: Citation `Penev2013' on page 3 undefined on input line 
118.


Package natbib Warning: Citation `Sato2005' on page 3 undefined on input line 1
19.


Package natbib Warning: Citation `Carter2009' on page 3 undefined on input line
 119.


Package natbib Warning: Citation `Fischer2007' on page 3 undefined on input lin
e 120.


Package natbib Warning: Citation `Barbieri2009' on page 3 undefined on input li
ne 120.


Package natbib Warning: Citation `Bouchy2005' on page 3 undefined on input line
 121.


Package natbib Warning: Citation `Bouchy2005' on page 3 undefined on input line
 121.


Package natbib Warning: Citation `Henry2000' on page 3 undefined on input line 
122.


Package natbib Warning: Citation `Charbonneau2000' on page 3 undefined on input
 line 122.


Package natbib Warning: Citation `Torres2008' on page 3 undefined on input line
 122.


Package natbib Warning: Citation `Naef2001' on page 3 undefined on input line 1
23.


Package natbib Warning: Citation `Moutou2009' on page 3 undefined on input line
 123.


Package natbib Warning: Citation `Beatty2012' on page 3 undefined on input line
 124.


Package natbib Warning: Citation `Beatty2012' on page 3 undefined on input line
 124.


Package natbib Warning: Citation `Batalha2011' on page 3 undefined on input lin
e 125.


Package natbib Warning: Citation `Batalha2011' on page 3 undefined on input lin
e 125.


Package natbib Warning: Citation `Lissauer2011' on page 3 undefined on input li
ne 126.


Package natbib Warning: Citation `Lissauer2011' on page 3 undefined on input li
ne 126.


Package natbib Warning: Citation `Lissauer2011' on page 3 undefined on input li
ne 127.


Package natbib Warning: Citation `Lissauer2011' on page 3 undefined on input li
ne 127.


Package natbib Warning: Citation `Lissauer2011' on page 3 undefined on input li
ne 128.


Package natbib Warning: Citation `Lissauer2011' on page 3 undefined on input li
ne 128.


Package natbib Warning: Citation `Lissauer2011' on page 3 undefined on input li
ne 129.


Package natbib Warning: Citation `Lissauer2011' on page 3 undefined on input li
ne 129.


Package natbib Warning: Citation `Lissauer2011' on page 3 undefined on input li
ne 130.


Package natbib Warning: Citation `Lissauer2011' on page 3 undefined on input li
ne 130.


Package natbib Warning: Citation `Borucki2011' on page 3 undefined on input lin
e 131.


Package natbib Warning: Citation `Fortney2011' on page 3 undefined on input lin
e 131.


Package natbib Warning: Citation `Borucki2011' on page 3 undefined on input lin
e 132.


Package natbib Warning: Citation `Bucchave2011' on page 3 undefined on input li
ne 132.


Package natbib Warning: Citation `Borucki2011' on page 3 undefined on input lin
e 133.


Package natbib Warning: Citation `Endl2011' on page 3 undefined on input line 1
33.


Package natbib Warning: Citation `Borucki2011' on page 3 undefined on input lin
e 134.


Package natbib Warning: Citation `Doyle2011' on page 3 undefined on input line 
134.


Package natbib Warning: Citation `Borucki2011' on page 3 undefined on input lin
e 135.


Package natbib Warning: Citation `Desert2011' on page 3 undefined on input line
 135.


Package natbib Warning: Citation `Borucki2011' on page 3 undefined on input lin
e 136.


Package natbib Warning: Citation `Cochran2011' on page 3 undefined on input lin
e 136.


Package natbib Warning: Citation `Borucki2011' on page 3 undefined on input lin
e 137.


Package natbib Warning: Citation `Cochran2011' on page 3 undefined on input lin
e 137.


Package natbib Warning: Citation `Borucki2011' on page 3 undefined on input lin
e 138.


Package natbib Warning: Citation `Cochran2011' on page 3 undefined on input lin
e 138.


Package natbib Warning: Citation `Borucki2011' on page 3 undefined on input lin
e 139.


Package natbib Warning: Citation `Gautier2012' on page 3 undefined on input lin
e 139.


Package natbib Warning: Citation `Borucki2011' on page 3 undefined on input lin
e 140.


Package natbib Warning: Citation `Gautier2012' on page 3 undefined on input lin
e 140.


Package natbib Warning: Citation `Borucki2011' on page 3 undefined on input lin
e 141.


Package natbib Warning: Citation `Gautier2012' on page 3 undefined on input lin
e 141.


Package natbib Warning: Citation `Borucki2011' on page 3 undefined on input lin
e 142.


Package natbib Warning: Citation `Carter2012' on page 3 undefined on input line
 142.


Package natbib Warning: Citation `Borucki2011' on page 3 undefined on input lin
e 143.


Package natbib Warning: Citation `Carter2012' on page 3 undefined on input line
 143.


Package natbib Warning: Citation `Borucki2011' on page 3 undefined on input lin
e 144.


Package natbib Warning: Citation `Bouchy2011' on page 3 undefined on input line
 144.


Package natbib Warning: Citation `Borucki2010' on page 3 undefined on input lin
e 145.


Package natbib Warning: Citation `Borucki2010' on page 3 undefined on input lin
e 145.


Package natbib Warning: Citation `Santerne2011' on page 3 undefined on input li
ne 146.


Package natbib Warning: Citation `Santerne2011' on page 3 undefined on input li
ne 146.


Package natbib Warning: Citation `Borucki2011' on page 3 undefined on input lin
e 147.


Package natbib Warning: Citation `Santerne2011' on page 3 undefined on input li
ne 147.

Page 3 of table 1 has been set to width 334.55362pt with 35 lines per page 
[3]
./exos_list.tex:148: Missing $ inserted.
<inserted text> 
                $
l.148          K
                epler-43 b &   1027.002 &     13.451 &   1193.550 &      3.0...

? 
./exos_list.tex:148: Extra }, or forgotten $.
\@preamble ...ignorespaces \@sharp \unskip \hfil }
                                                  \hskip \tabcolsep 
l.148          K
                epler-43 b &   1027.002 &     13.451 &   1193.550 &      3.0...

? 
./exos_list.tex:148: Missing $ inserted.
<inserted text> 
                $
l.148          K
                epler-43 b &   1027.002 &     13.451 &   1193.550 &      3.0...

? 
./exos_list.tex:148: Missing } inserted.
<inserted text> 
                }
l.148          K
                epler-43 b &   1027.002 &     13.451 &   1193.550 &      3.0...

? 

Package natbib Warning: Citation `Borucki2011' on page 4 undefined on input lin
e 148.


Package natbib Warning: Citation `Bonomo2012' on page 4 undefined on input line
 148.


Package natbib Warning: Citation `Borucki2011' on page 4 undefined on input lin
e 149.


Package natbib Warning: Citation `Bonomo2012' on page 4 undefined on input line
 149.


Package natbib Warning: Citation `Borucki2011' on page 4 undefined on input lin
e 150.


Package natbib Warning: Citation `Johnson2012' on page 4 undefined on input lin
e 150.


Package natbib Warning: Citation `Koch2010' on page 4 undefined on input line 1
51.


Package natbib Warning: Citation `Koch2010' on page 4 undefined on input line 1
51.


Package natbib Warning: Citation `Dunham2010' on page 4 undefined on input line
 152.


Package natbib Warning: Citation `Dunham2010' on page 4 undefined on input line
 152.


Package natbib Warning: Citation `Borucki2011' on page 4 undefined on input lin
e 153.


Package natbib Warning: Citation `Gilliland2013' on page 4 undefined on input l
ine 153.


Package natbib Warning: Citation `Batalha2013' on page 4 undefined on input lin
e 154.


Package natbib Warning: Citation `Gilliland2013' on page 4 undefined on input l
ine 154.


Package natbib Warning: Citation `Latham2010' on page 4 undefined on input line
 155.


Package natbib Warning: Citation `Latham2010' on page 4 undefined on input line
 155.


Package natbib Warning: Citation `Jenkins2010' on page 4 undefined on input lin
e 156.


Package natbib Warning: Citation `Jenkins2010' on page 4 undefined on input lin
e 156.


Package natbib Warning: Citation `Pont2008' on page 4 undefined on input line 1
57.


Package natbib Warning: Citation `Pont2008' on page 4 undefined on input line 1
57.


Package natbib Warning: Citation `Udalski2008' on page 4 undefined on input lin
e 158.


Package natbib Warning: Citation `Udalski2008' on page 4 undefined on input lin
e 158.


Package natbib Warning: Citation `Snellen2009' on page 4 undefined on input lin
e 159.


Package natbib Warning: Citation `Snellen2009' on page 4 undefined on input lin
e 159.


Package natbib Warning: Citation `Alsubai2011' on page 4 undefined on input lin
e 160.


Package natbib Warning: Citation `Alsubai2011' on page 4 undefined on input lin
e 160.


Package natbib Warning: Citation `Bryan2012' on page 4 undefined on input line 
161.


Package natbib Warning: Citation `Bryan2012' on page 4 undefined on input line 
161.


Package natbib Warning: Citation `Alonso2004' on page 4 undefined on input line
 162.


Package natbib Warning: Citation `Alonso2004' on page 4 undefined on input line
 162.


Package natbib Warning: Citation `O'Donovan2006' on page 4 undefined on input l
ine 163.


Package natbib Warning: Citation `O'Donovan2006' on page 4 undefined on input l
ine 163.


Package natbib Warning: Citation `Mandushev2007' on page 4 undefined on input l
ine 164.


Package natbib Warning: Citation `Mandushev2007' on page 4 undefined on input l
ine 164.


Package natbib Warning: Citation `Mandushev2011' on page 4 undefined on input l
ine 165.


Package natbib Warning: Citation `Mandushev2011' on page 4 undefined on input l
ine 165.


Package natbib Warning: Citation `Collier-Cameron2007' on page 4 undefined on i
nput line 166.


Package natbib Warning: Citation `Simpson2011' on page 4 undefined on input lin
e 166.


Package natbib Warning: Citation `Christian2009' on page 4 undefined on input l
ine 167.


Package natbib Warning: Citation `Johnson2009' on page 4 undefined on input lin
e 167.


Package natbib Warning: Citation `West2009' on page 4 undefined on input line 1
68.


Package natbib Warning: Citation `Bakos2009' on page 4 undefined on input line 
168.


Package natbib Warning: Citation `West2009' on page 4 undefined on input line 1
68.


Package natbib Warning: Citation `Hebb2009' on page 4 undefined on input line 1
69.


Package natbib Warning: Citation `Maciejewski2011' on page 4 undefined on input
 line 169.


Package natbib Warning: Citation `Skillen2009' on page 4 undefined on input lin
e 170.


Package natbib Warning: Citation `Skillen2009' on page 4 undefined on input lin
e 170.


Package natbib Warning: Citation `Joshi2009' on page 4 undefined on input line 
171.


Package natbib Warning: Citation `Joshi2009' on page 4 undefined on input line 
171.


Package natbib Warning: Citation `West2009' on page 4 undefined on input line 1
72.


Package natbib Warning: Citation `Triaud2010' on page 4 undefined on input line
 172.


Package natbib Warning: Citation `Lister2009' on page 4 undefined on input line
 173.


Package natbib Warning: Citation `Lister2009' on page 4 undefined on input line
 173.


Package natbib Warning: Citation `Anderson2010' on page 4 undefined on input li
ne 174.


Package natbib Warning: Citation `Triaud2010' on page 4 undefined on input line
 174.


Package natbib Warning: Citation `Hellier2009' on page 4 undefined on input lin
e 175.


Package natbib Warning: Citation `Triaud2010' on page 4 undefined on input line
 175.


Package natbib Warning: Citation `Hebb2010' on page 4 undefined on input line 1
76.


Package natbib Warning: Citation `Hellier2011' on page 4 undefined on input lin
e 176.


Package natbib Warning: Citation `Collier-Cameron2007' on page 4 undefined on i
nput line 177.


Package natbib Warning: Citation `Triaud2010' on page 4 undefined on input line
 177.


Package natbib Warning: Citation `Bouchy2010' on page 4 undefined on input line
 178.


Package natbib Warning: Citation `Bouchy2010' on page 4 undefined on input line
 178.

Page 4 of table 1 has been set to width 348.77605pt with 35 lines per page 
[4]
./exos_list.tex:179: Missing $ inserted.
<inserted text> 
                $
l.179            W
                  ASP-22 b &    177.678 &     12.554 &    676.099 &      3.5...

? 
./exos_list.tex:179: Extra }, or forgotten $.
\@preamble ...ignorespaces \@sharp \unskip \hfil }
                                                  \hskip \tabcolsep 
l.179            W
                  ASP-22 b &    177.678 &     12.554 &    676.099 &      3.5...

? 
./exos_list.tex:179: Missing $ inserted.
<inserted text> 
                $
l.179            W
                  ASP-22 b &    177.678 &     12.554 &    676.099 &      3.5...

? 
./exos_list.tex:179: Missing } inserted.
<inserted text> 
                }
l.179            W
                  ASP-22 b &    177.678 &     12.554 &    676.099 &      3.5...

? 

Package natbib Warning: Citation `Maxted2010' on page 5 undefined on input line
 179.


Package natbib Warning: Citation `Maxted2010' on page 5 undefined on input line
 179.


Package natbib Warning: Citation `Triaud2011' on page 5 undefined on input line
 180.


Package natbib Warning: Citation `Triaud2011' on page 5 undefined on input line
 180.


Package natbib Warning: Citation `Street2010' on page 5 undefined on input line
 181.


Package natbib Warning: Citation `Simpson2011' on page 5 undefined on input lin
e 181.


Package natbib Warning: Citation `Enoch2011' on page 5 undefined on input line 
182.


Package natbib Warning: Citation `Enoch2011' on page 5 undefined on input line 
182.


Package natbib Warning: Citation `Smalley2010' on page 5 undefined on input lin
e 183.


Package natbib Warning: Citation `Smalley2010' on page 5 undefined on input lin
e 183.


Package natbib Warning: Citation `Hellier2010' on page 5 undefined on input lin
e 184.


Package natbib Warning: Citation `Hellier2010' on page 5 undefined on input lin
e 184.


Package natbib Warning: Citation `Pollacco2008' on page 5 undefined on input li
ne 185.


Package natbib Warning: Citation `Tripathi2010' on page 5 undefined on input li
ne 185.


Package natbib Warning: Citation `Anderson2011' on page 5 undefined on input li
ne 186.


Package natbib Warning: Citation `Anderson2011' on page 5 undefined on input li
ne 186.


Package natbib Warning: Citation `Maxted2010' on page 5 undefined on input line
 187.


Package natbib Warning: Citation `Brown2012' on page 5 undefined on input line 
187.


Package natbib Warning: Citation `Smalley2011' on page 5 undefined on input lin
e 188.


Package natbib Warning: Citation `Smalley2011' on page 5 undefined on input lin
e 188.


Package natbib Warning: Citation `Enoch2011' on page 5 undefined on input line 
189.


Package natbib Warning: Citation `Enoch2011' on page 5 undefined on input line 
189.


Package natbib Warning: Citation `Smith2012' on page 5 undefined on input line 
190.


Package natbib Warning: Citation `Smith2012' on page 5 undefined on input line 
190.


Package natbib Warning: Citation `Simpson2011' on page 5 undefined on input lin
e 191.


Package natbib Warning: Citation `Simpson2011' on page 5 undefined on input lin
e 191.


Package natbib Warning: Citation `Barros2011' on page 5 undefined on input line
 192.


Package natbib Warning: Citation `Brown2012' on page 5 undefined on input line 
192.


Package natbib Warning: Citation `Faedi2011' on page 5 undefined on input line 
193.


Package natbib Warning: Citation `Faedi2011' on page 5 undefined on input line 
193.


Package natbib Warning: Citation `Wilson2008' on page 5 undefined on input line
 194.


Package natbib Warning: Citation `Triaud2010' on page 5 undefined on input line
 194.


Package natbib Warning: Citation `Maxted2011' on page 5 undefined on input line
 195.


Package natbib Warning: Citation `Maxted2011' on page 5 undefined on input line
 195.


Package natbib Warning: Citation `Lendl2012' on page 5 undefined on input line 
196.


Package natbib Warning: Citation `Lendl2012' on page 5 undefined on input line 
196.


Package natbib Warning: Citation `Hellier2011' on page 5 undefined on input lin
e 197.


Package natbib Warning: Citation `Hellier2011' on page 5 undefined on input lin
e 197.


Package natbib Warning: Citation `Anderson2012' on page 5 undefined on input li
ne 198.


Package natbib Warning: Citation `Anderson2012' on page 5 undefined on input li
ne 198.


Package natbib Warning: Citation `Anderson2012' on page 5 undefined on input li
ne 199.


Package natbib Warning: Citation `Anderson2012' on page 5 undefined on input li
ne 199.


Package natbib Warning: Citation `Anderson2012' on page 5 undefined on input li
ne 200.


Package natbib Warning: Citation `Anderson2012' on page 5 undefined on input li
ne 200.


Package natbib Warning: Citation `Hellier2012' on page 5 undefined on input lin
e 201.


Package natbib Warning: Citation `Hellier2012' on page 5 undefined on input lin
e 201.


Package natbib Warning: Citation `Enoch2011' on page 5 undefined on input line 
202.


Package natbib Warning: Citation `Enoch2011' on page 5 undefined on input line 
202.


Package natbib Warning: Citation `Lendl2012' on page 5 undefined on input line 
203.


Package natbib Warning: Citation `Lendl2012' on page 5 undefined on input line 
203.


Package natbib Warning: Citation `Anderson2008' on page 5 undefined on input li
ne 204.


Package natbib Warning: Citation `Triaud2010' on page 5 undefined on input line
 204.


Package natbib Warning: Citation `Gillon2011' on page 5 undefined on input line
 205.


Package natbib Warning: Citation `Gillon2011' on page 5 undefined on input line
 205.


Package natbib Warning: Citation `Hebrard2013' on page 5 undefined on input lin
e 206.


Package natbib Warning: Citation `Hebrard2013' on page 5 undefined on input lin
e 206.


Package natbib Warning: Citation `Hellier2012' on page 5 undefined on input lin
e 207.


Package natbib Warning: Citation `Hellier2012' on page 5 undefined on input lin
e 207.


Package natbib Warning: Citation `Hebrard2013' on page 5 undefined on input lin
e 208.


Package natbib Warning: Citation `Hebrard2013' on page 5 undefined on input lin
e 208.


Package natbib Warning: Citation `Hebrard2013' on page 5 undefined on input lin
e 209.


Package natbib Warning: Citation `Hebrard2013' on page 5 undefined on input lin
e 209.

Page 5 of table 1 has been set to width 328.52715pt with 35 lines per page 
[5]
./exos_list.tex:210: Missing $ inserted.
<inserted text> 
                $
l.210             W
                   ASP-6 b &    165.697 &     13.720 &    326.463 &      3.3...

? 
./exos_list.tex:210: Extra }, or forgotten $.
\@preamble ...ignorespaces \@sharp \unskip \hfil }
                                                  \hskip \tabcolsep 
l.210             W
                   ASP-6 b &    165.697 &     13.720 &    326.463 &      3.3...

? 
./exos_list.tex:210: Missing $ inserted.
<inserted text> 
                $
l.210             W
                   ASP-6 b &    165.697 &     13.720 &    326.463 &      3.3...

? 
./exos_list.tex:210: Missing } inserted.
<inserted text> 
                }
l.210             W
                   ASP-6 b &    165.697 &     13.720 &    326.463 &      3.3...

? 

Package natbib Warning: Citation `Gillon2009' on page 6 undefined on input line
 210.


Package natbib Warning: Citation `Gillon2009' on page 6 undefined on input line
 210.


Package natbib Warning: Citation `Hellier2012' on page 6 undefined on input lin
e 211.


Package natbib Warning: Citation `Hellier2012' on page 6 undefined on input lin
e 211.


Package natbib Warning: Citation `Hellier2012' on page 6 undefined on input lin
e 212.


Package natbib Warning: Citation `Hellier2012' on page 6 undefined on input lin
e 212.


Package natbib Warning: Citation `Hellier2012' on page 6 undefined on input lin
e 213.


Package natbib Warning: Citation `Hellier2012' on page 6 undefined on input lin
e 213.


Package natbib Warning: Citation `Hellier2012' on page 6 undefined on input lin
e 214.


Package natbib Warning: Citation `Hellier2012' on page 6 undefined on input lin
e 214.


Package natbib Warning: Citation `Hellier2012' on page 6 undefined on input lin
e 215.


Package natbib Warning: Citation `Hellier2012' on page 6 undefined on input lin
e 215.


Package natbib Warning: Citation `Hellier2009' on page 6 undefined on input lin
e 216.


Package natbib Warning: Citation `Hellier2009' on page 6 undefined on input lin
e 216.


Package natbib Warning: Citation `Maxted2013' on page 6 undefined on input line
 217.


Package natbib Warning: Citation `Maxted2013' on page 6 undefined on input line
 217.


Package natbib Warning: Citation `Smalley2012' on page 6 undefined on input lin
e 218.


Package natbib Warning: Citation `Smalley2012' on page 6 undefined on input lin
e 218.


Package natbib Warning: Citation `Smalley2012' on page 6 undefined on input lin
e 219.


Package natbib Warning: Citation `Smalley2012' on page 6 undefined on input lin
e 219.


Package natbib Warning: Citation `Queloz2010' on page 6 undefined on input line
 220.


Package natbib Warning: Citation `Queloz2010' on page 6 undefined on input line
 220.


Package natbib Warning: Citation `Triaud2013' on page 6 undefined on input line
 221.


Package natbib Warning: Citation `Triaud2013' on page 6 undefined on input line
 221.


Package natbib Warning: Citation `McCullough2006' on page 6 undefined on input 
line 222.


Package natbib Warning: Citation `McCullough2006' on page 6 undefined on input 
line 222.


Package natbib Warning: Citation `Burke2007' on page 6 undefined on input line 
223.


Package natbib Warning: Citation `Burke2007' on page 6 undefined on input line 
223.


Package natbib Warning: Citation `Johns-Krull2008' on page 6 undefined on input
 line 224.


Package natbib Warning: Citation `Winn2009' on page 6 undefined on input line 2
24.


Package natbib Warning: Citation `Burke2008' on page 6 undefined on input line 
225.


Package natbib Warning: Citation `Burke2008' on page 6 undefined on input line 
225.


Package natbib Warning: Citation `Borucki2011' on page 6 undefined on input lin
e 226.


Package natbib Warning: Citation `Weiss2013' on page 6 undefined on input line 
226.


Package natbib Warning: Citation `Borucki2011' on page 6 undefined on input lin
e 227.


Package natbib Warning: Citation `Weiss2013' on page 6 undefined on input line 
227.


Package natbib Warning: Citation `Borucki2011' on page 6 undefined on input lin
e 228.


Package natbib Warning: Citation `Weiss2013' on page 6 undefined on input line 
228.


Package natbib Warning: Citation `Weiss2013' on page 6 undefined on input line 
229.


Package natbib Warning: Citation `Weiss2013' on page 6 undefined on input line 
229.

Table 1 has been set to width 337.72728pt
(./exos_list.bbl [6]

./exos_list.bbl:4: LaTeX Error: Something's wrong--perhaps a missing \item.

See the LaTeX manual or LaTeX Companion for explanation.
Type  H <return>  for immediate help.
 ...                                              
                                                  
l.4 \end{thebibliography}
                         
? 
)

Package natbib Warning: There were undefined citations.

[7








] (./exos_list.aux) ) 
Here is how much of TeX's memory you used:
 2863 strings out of 493633
 36972 string characters out of 3143378
 98862 words of memory out of 3000000
 6126 multiletter control sequences out of 15000+200000
 9970 words of font info for 41 fonts, out of 3000000 for 9000
 831 hyphenation exceptions out of 8191
 38i,9n,26p,267b,301s stack positions out of 5000i,500n,10000p,200000b,50000s
</usr/local/texlive/2011/texmf-dist/fonts/type1/public/ams
fonts/cm/cmbx12.pfb></usr/local/texlive/2011/texmf-dist/fonts/type1/public/amsf
onts/cm/cmbx8.pfb></usr/local/texlive/2011/texmf-dist/fonts/type1/public/amsfon
ts/cm/cmmi8.pfb></usr/local/texlive/2011/texmf-dist/fonts/type1/public/amsfonts
/cm/cmr12.pfb></usr/local/texlive/2011/texmf-dist/fonts/type1/public/amsfonts/c
m/cmr6.pfb></usr/local/texlive/2011/texmf-dist/fonts/type1/public/amsfonts/cm/c
mr8.pfb></usr/local/texlive/2011/texmf-dist/fonts/type1/public/amsfonts/cm/cmsy
6.pfb>
Output written on exos_list.pdf (7 pages, 78738 bytes).
PDF statistics:
 56 PDF objects out of 1000 (max. 8388607)
 39 compressed objects within 1 object stream
 0 named destinations out of 1000 (max. 500000)
 1 words of extra memory for PDF output out of 10000 (max. 10000000)

