This is pdfTeX, Version 3.1415926-2.3-1.40.12 (TeX Live 2011) (format=pdflatex 2011.7.3)  6 AUG 2013 02:30
entering extended mode
 \write18 enabled.
 file:line:error style messages enabled.
 %&-line parsing enabled.
**low-mass_compositions.tex
(./low-mass_compositions.tex
LaTeX2e <2009/09/24>
Babel <v3.8l> and hyphenation patterns for english, dumylang, nohyphenation, ge
rman-x-2009-06-19, ngerman-x-2009-06-19, afrikaans, ancientgreek, ibycus, arabi
c, armenian, basque, bulgarian, catalan, pinyin, coptic, croatian, czech, danis
h, dutch, ukenglish, usenglishmax, esperanto, estonian, ethiopic, farsi, finnis
h, french, galician, german, ngerman, swissgerman, monogreek, greek, hungarian,
 icelandic, assamese, bengali, gujarati, hindi, kannada, malayalam, marathi, or
iya, panjabi, tamil, telugu, indonesian, interlingua, irish, italian, kurmanji,
 lao, latin, latvian, lithuanian, mongolian, mongolianlmc, bokmal, nynorsk, pol
ish, portuguese, romanian, russian, sanskrit, serbian, serbianc, slovak, sloven
ian, spanish, swedish, turkish, turkmen, ukrainian, uppersorbian, welsh, loaded
.
(/usr/local/texlive/2011/texmf-dist/tex/latex/aastex/aastex.cls
Document Class: aastex 2005/06/22 5.2/AAS markup document class
Class aastex Info: Original \LaTeX2.09 style by Chris Biemesderfer (chris@seago
at.com). Adapted to \LaTeXe by A. Ogawa (ogawa@teleport.com) on input line 83.
(/usr/local/texlive/2011/texmf-dist/tex/latex/base/article.cls
Document Class: article 2007/10/19 v1.4h Standard LaTeX document class
(/usr/local/texlive/2011/texmf-dist/tex/latex/base/size12.clo
File: size12.clo 2007/10/19 v1.4h Standard LaTeX file (size option)
)
\c@part=\count79
\c@section=\count80
\c@subsection=\count81
\c@subsubsection=\count82
\c@paragraph=\count83
\c@subparagraph=\count84
\c@figure=\count85
\c@table=\count86
\abovecaptionskip=\skip41
\belowcaptionskip=\skip42
\bibindent=\dimen102
)
(/usr/local/texlive/2011/texmf-dist/tex/latex/base/latexsym.sty
Package: latexsym 1998/08/17 v2.2e Standard LaTeX package (lasy symbols)
\symlasy=\mathgroup4
LaTeX Font Info:    Overwriting symbol font `lasy' in version `bold'
(Font)                  U/lasy/m/n --> U/lasy/b/n on input line 47.
)
(/usr/local/texlive/2011/texmf-dist/tex/latex/graphics/graphicx.sty
Package: graphicx 1999/02/16 v1.0f Enhanced LaTeX Graphics (DPC,SPQR)

(/usr/local/texlive/2011/texmf-dist/tex/latex/graphics/keyval.sty
Package: keyval 1999/03/16 v1.13 key=value parser (DPC)
\KV@toks@=\toks14
)
(/usr/local/texlive/2011/texmf-dist/tex/latex/graphics/graphics.sty
Package: graphics 2009/02/05 v1.0o Standard LaTeX Graphics (DPC,SPQR)

(/usr/local/texlive/2011/texmf-dist/tex/latex/graphics/trig.sty
Package: trig 1999/03/16 v1.09 sin cos tan (DPC)
)
(/usr/local/texlive/2011/texmf-dist/tex/latex/latexconfig/graphics.cfg
File: graphics.cfg 2010/04/23 v1.9 graphics configuration of TeX Live
)
Package graphics Info: Driver file: pdftex.def on input line 91.

(/usr/local/texlive/2011/texmf-dist/tex/latex/pdftex-def/pdftex.def
File: pdftex.def 2011/05/27 v0.06d Graphics/color for pdfTeX

(/usr/local/texlive/2011/texmf-dist/tex/generic/oberdiek/infwarerr.sty
Package: infwarerr 2010/04/08 v1.3 Providing info/warning/message (HO)
)
(/usr/local/texlive/2011/texmf-dist/tex/generic/oberdiek/ltxcmds.sty
Package: ltxcmds 2011/04/18 v1.20 LaTeX kernel commands for general use (HO)
)
\Gread@gobject=\count87
))
\Gin@req@height=\dimen103
\Gin@req@width=\dimen104
)
(/usr/local/texlive/2011/texmf-dist/tex/latex/amsfonts/amssymb.sty
Package: amssymb 2009/06/22 v3.00

(/usr/local/texlive/2011/texmf-dist/tex/latex/amsfonts/amsfonts.sty
Package: amsfonts 2009/06/22 v3.00 Basic AMSFonts support
\@emptytoks=\toks15
\symAMSa=\mathgroup5
\symAMSb=\mathgroup6
LaTeX Font Info:    Overwriting math alphabet `\mathfrak' in version `bold'
(Font)                  U/euf/m/n --> U/euf/b/n on input line 96.
))
(/usr/local/texlive/2011/texmf-dist/tex/latex/natbib/natbib.sty
Package: natbib 2010/09/13 8.31b (PWD, AO)
\bibhang=\skip43
\bibsep=\skip44
LaTeX Info: Redefining \cite on input line 694.
\c@NAT@ctr=\count88
)
(/usr/local/texlive/2011/texmf-dist/tex/latex/tools/verbatim.sty
Package: verbatim 2003/08/22 v1.5q LaTeX2e package for verbatim enhancements
\every@verbatim=\toks16
\verbatim@line=\toks17
\verbatim@in@stream=\read1
)
\@slugcmmntwidth=\dimen105
\abstract@box=\box26
\c@editornote=\count89
\c@cureqno=\count90
\tnotemarkskip=\skip45
\@abovenoteskip=\dimen106
\pt@box=\box27
\pt@width=\dimen107
\pt@line=\count91
\pt@column=\count92
\pt@nlines=\count93
\pt@ncol=\count94
\pt@page=\count95
\tabbaseskip=\dimen108
\pt@tmpcapwidth=\dimen109
\spew@tblnotesbox=\box28
\restof@tblnotesbox=\box29
\noteheight=\dimen110
\pt@tabnoteminht=\dimen111
\firsttabskip=\dimen112
\captionbox=\box30
\pt@reduceline=\dimen113
\extra@vspace=\dimen114
\c@plate=\count96
\my@footins=\box31
)
(/usr/local/texlive/2011/texmf-dist/tex/latex/geometry/geometry.sty
Package: geometry 2010/09/12 v5.6 Page Geometry

(/usr/local/texlive/2011/texmf-dist/tex/generic/oberdiek/ifpdf.sty
Package: ifpdf 2011/01/30 v2.3 Provides the ifpdf switch (HO)
Package ifpdf Info: pdfTeX in PDF mode is detected.
)
(/usr/local/texlive/2011/texmf-dist/tex/generic/oberdiek/ifvtex.sty
Package: ifvtex 2010/03/01 v1.5 Switches for detecting VTeX and its modes (HO)
Package ifvtex Info: VTeX not detected.
)
(/usr/local/texlive/2011/texmf-dist/tex/generic/ifxetex/ifxetex.sty
Package: ifxetex 2010/09/12 v0.6 Provides ifxetex conditional
)
\Gm@cnth=\count97
\Gm@cntv=\count98
\c@Gm@tempcnt=\count99
\Gm@bindingoffset=\dimen115
\Gm@wd@mp=\dimen116
\Gm@odd@mp=\dimen117
\Gm@even@mp=\dimen118
\Gm@layoutwidth=\dimen119
\Gm@layoutheight=\dimen120
\Gm@layouthoffset=\dimen121
\Gm@layoutvoffset=\dimen122
\Gm@dimlist=\toks18
)
(/usr/local/texlive/2011/texmf-dist/tex/latex/oberdiek/epstopdf.sty
Package: epstopdf 2010/02/09 v2.5 Conversion with epstopdf on the fly (HO)

(/usr/local/texlive/2011/texmf-dist/tex/latex/oberdiek/epstopdf-base.sty
Package: epstopdf-base 2010/02/09 v2.5 Base part for package epstopdf

(/usr/local/texlive/2011/texmf-dist/tex/latex/oberdiek/grfext.sty
Package: grfext 2010/08/19 v1.1 Managing graphics extensions (HO)

(/usr/local/texlive/2011/texmf-dist/tex/generic/oberdiek/kvdefinekeys.sty
Package: kvdefinekeys 2011/04/07 v1.3 Defining keys (HO)
))
(/usr/local/texlive/2011/texmf-dist/tex/latex/oberdiek/kvoptions.sty
Package: kvoptions 2010/12/23 v3.10 Keyval support for LaTeX options (HO)

(/usr/local/texlive/2011/texmf-dist/tex/generic/oberdiek/kvsetkeys.sty
Package: kvsetkeys 2011/04/07 v1.13 Key value parser (HO)

(/usr/local/texlive/2011/texmf-dist/tex/generic/oberdiek/etexcmds.sty
Package: etexcmds 2011/02/16 v1.5 Prefix for e-TeX command names (HO)

(/usr/local/texlive/2011/texmf-dist/tex/generic/oberdiek/ifluatex.sty
Package: ifluatex 2010/03/01 v1.3 Provides the ifluatex switch (HO)
Package ifluatex Info: LuaTeX not detected.
)
Package etexcmds Info: Could not find \expanded.
(etexcmds)             That can mean that you are not using pdfTeX 1.50 or
(etexcmds)             that some package has redefined \expanded.
(etexcmds)             In the latter case, load this package earlier.
)))
(/usr/local/texlive/2011/texmf-dist/tex/generic/oberdiek/pdftexcmds.sty
Package: pdftexcmds 2011/04/22 v0.16 Utilities of pdfTeX for LuaTeX (HO)
Package pdftexcmds Info: LuaTeX not detected.
Package pdftexcmds Info: \pdf@primitive is available.
Package pdftexcmds Info: \pdf@ifprimitive is available.
Package pdftexcmds Info: \pdfdraftmode found.
)
Package grfext Info: Graphics extension search list:
(grfext)             [.png,.pdf,.jpg,.mps,.jpeg,.jbig2,.jb2,.PNG,.PDF,.JPG,.JPE
G,.JBIG2,.JB2,.eps]
(grfext)             \AppendGraphicsExtensions on input line 452.

(/usr/local/texlive/2011/texmf-dist/tex/latex/latexconfig/epstopdf-sys.cfg
File: epstopdf-sys.cfg 2010/07/13 v1.3 Configuration of (r)epstopdf for TeX Liv
e
)))
(/Users/lweiss/Dropbox/research/physical_quantities.tex)
(./low-mass_compositions.aux

LaTeX Warning: Label `fig:mdf' multiply defined.

)
\openout1 = `low-mass_compositions.aux'.

LaTeX Font Info:    Checking defaults for OML/cmm/m/it on input line 21.
LaTeX Font Info:    ... okay on input line 21.
LaTeX Font Info:    Checking defaults for T1/cmr/m/n on input line 21.
LaTeX Font Info:    ... okay on input line 21.
LaTeX Font Info:    Checking defaults for OT1/cmr/m/n on input line 21.
LaTeX Font Info:    ... okay on input line 21.
LaTeX Font Info:    Checking defaults for OMS/cmsy/m/n on input line 21.
LaTeX Font Info:    ... okay on input line 21.
LaTeX Font Info:    Checking defaults for OMX/cmex/m/n on input line 21.
LaTeX Font Info:    ... okay on input line 21.
LaTeX Font Info:    Checking defaults for U/cmr/m/n on input line 21.
LaTeX Font Info:    ... okay on input line 21.
 (/usr/local/texlive/2011/texmf-dist/tex/context/base/supp-pdf.mkii
[Loading MPS to PDF converter (version 2006.09.02).]
\scratchcounter=\count100
\scratchdimen=\dimen123
\scratchbox=\box32
\nofMPsegments=\count101
\nofMParguments=\count102
\everyMPshowfont=\toks19
\MPscratchCnt=\count103
\MPscratchDim=\dimen124
\MPnumerator=\count104
\makeMPintoPDFobject=\count105
\everyMPtoPDFconversion=\toks20
)
AAS manuscript substyle, v5.2 <12 Dec 2003>.
*geometry* driver: auto-detecting
*geometry* detected driver: pdftex
*geometry* verbose mode - [ preamble ] result:
* driver: pdftex
* paper: letterpaper
* layout: <same size as paper>
* layoutoffset:(h,v)=(0.0pt,0.0pt)
* modes: 
* h-part:(L,W,R)=(92.14519pt, 430.00462pt, 92.14519pt)
* v-part:(T,H,B)=(95.39737pt, 556.47656pt, 143.09605pt)
* \paperwidth=614.295pt
* \paperheight=794.96999pt
* \textwidth=430.00462pt
* \textheight=556.47656pt
* \oddsidemargin=19.8752pt
* \evensidemargin=19.8752pt
* \topmargin=-12.71268pt
* \headheight=10.84006pt
* \headsep=25.0pt
* \topskip=12.0pt
* \footskip=30.0pt
* \marginparwidth=0.0pt
* \marginparsep=10.0pt
* \columnsep=10.0pt
* \skip\footins=20.66669pt plus 5.16667pt minus 2.58333pt
* \hoffset=0.0pt
* \voffset=0.0pt
* \mag=1000
* \@twocolumnfalse
* \@twosidefalse
* \@mparswitchfalse
* \@reversemarginfalse
* (1in=72.27pt=25.4mm, 1cm=28.453pt)

LaTeX Font Info:    Try loading font information for U+lasy on input line 22.
(/usr/local/texlive/2011/texmf-dist/tex/latex/base/ulasy.fd
File: ulasy.fd 1998/08/17 v2.2e LaTeX symbol font definitions
)
LaTeX Font Info:    Try loading font information for U+msa on input line 22.

(/usr/local/texlive/2011/texmf-dist/tex/latex/amsfonts/umsa.fd
File: umsa.fd 2009/06/22 v3.00 AMS symbols A
)
LaTeX Font Info:    Try loading font information for U+msb on input line 22.

(/usr/local/texlive/2011/texmf-dist/tex/latex/amsfonts/umsb.fd
File: umsb.fd 2009/06/22 v3.00 AMS symbols B
) [1

{/usr/local/texlive/2011/texmf-var/fonts/map/pdftex/updmap/pdftex.map}]
Missing character: There is no Õ in font cmr12!
 [2

] [3] [4]

Package natbib Warning: Citation `Marcy2013' on page 5 undefined on input line 
58.


Package natbib Warning: Citation `Lissauer2013' on page 5 undefined on input li
ne 58.


Package natbib Warning: Citation `Demory2013' on page 5 undefined on input line
 58.


Package natbib Warning: Citation `Dragomir2013' on page 5 undefined on input li
ne 58.


Package natbib Warning: Citation `Marcy2013' on page 5 undefined on input line 
61.


Package natbib Warning: Citation `Demory2013' on page 5 undefined on input line
 129.


Package natbib Warning: Citation `Howard2011' on page 5 undefined on input line
 133.


Package natbib Warning: Citation `Dragomir2013' on page 5 undefined on input li
ne 133.


Package natbib Warning: Citation `Lissauer2013' on page 5 undefined on input li
ne 135.

Page 1 of table 1 has been set to width 493.41115pt with 45 lines per page 

Overfull \hbox (63.40652pt too wide) in paragraph at lines 124--167
 [][] 
 []

[5] [6]
Table 1 has been set to width 370.15172pt
Package epstopdf Info: Source file: <mr_bin.eps>
(epstopdf)                    date: 2013-08-06 01:42:55
(epstopdf)                    size: 26528 bytes
(epstopdf)             Output file: <mr_bin-eps-converted-to.pdf>
(epstopdf)                    date: 2013-08-06 01:43:03
(epstopdf)                    size: 14005 bytes
(epstopdf)             Command: <epstopdf --outfile=mr_bin-eps-converted-to.pdf
 mr_bin.eps>
(epstopdf)             \includegraphics on input line 212.
Package epstopdf Info: Output file is already uptodate.
<mr_bin-eps-converted-to.pdf, id=32, 578.16pt x 289.08pt>
File: mr_bin-eps-converted-to.pdf Graphic file (type pdf)

<use mr_bin-eps-converted-to.pdf>
Package pdftex.def Info: mr_bin-eps-converted-to.pdf used on input line 212.
(pdftex.def)             Requested size: 433.62pt x 216.80946pt.

Overfull \hbox (3.61537pt too wide) in paragraph at lines 212--213
 [][] 
 []

Package epstopdf Info: Source file: <rm_small7.eps>
(epstopdf)                    date: 2013-08-06 01:42:55
(epstopdf)                    size: 41633 bytes
(epstopdf)             Output file: <rm_small7-eps-converted-to.pdf>
(epstopdf)                    date: 2013-08-06 01:43:04
(epstopdf)                    size: 29913 bytes
(epstopdf)             Command: <epstopdf --outfile=rm_small7-eps-converted-to.
pdf rm_small7.eps>
(epstopdf)             \includegraphics on input line 219.
Package epstopdf Info: Output file is already uptodate.
<rm_small7-eps-converted-to.pdf, id=33, 578.16pt x 433.62pt>
File: rm_small7-eps-converted-to.pdf Graphic file (type pdf)

<use rm_small7-eps-converted-to.pdf>
Package pdftex.def Info: rm_small7-eps-converted-to.pdf used on input line 219.

(pdftex.def)             Requested size: 433.62pt x 325.2142pt.

Overfull \hbox (3.61537pt too wide) in paragraph at lines 219--220
 [][] 
 []

Package epstopdf Info: Source file: <rm_small4.eps>
(epstopdf)                    date: 2013-08-06 01:43:00
(epstopdf)                    size: 37834 bytes
(epstopdf)             Output file: <rm_small4-eps-converted-to.pdf>
(epstopdf)                    date: 2013-08-06 01:43:04
(epstopdf)                    size: 26860 bytes
(epstopdf)             Command: <epstopdf --outfile=rm_small4-eps-converted-to.
pdf rm_small4.eps>
(epstopdf)             \includegraphics on input line 226.
Package epstopdf Info: Output file is already uptodate.
<rm_small4-eps-converted-to.pdf, id=34, 578.16pt x 433.62pt>
File: rm_small4-eps-converted-to.pdf Graphic file (type pdf)

<use rm_small4-eps-converted-to.pdf>
Package pdftex.def Info: rm_small4-eps-converted-to.pdf used on input line 226.

(pdftex.def)             Requested size: 433.62pt x 325.2142pt.

Overfull \hbox (3.61537pt too wide) in paragraph at lines 226--227
 [][] 
 []

Package epstopdf Info: Source file: <mrf.eps>
(epstopdf)                    date: 2013-08-06 01:35:25
(epstopdf)                    size: 107007 bytes
(epstopdf)             Output file: <mrf-eps-converted-to.pdf>
(epstopdf)                    date: 2013-08-06 01:36:12
(epstopdf)                    size: 65358 bytes
(epstopdf)             Command: <epstopdf --outfile=mrf-eps-converted-to.pdf mr
f.eps>
(epstopdf)             \includegraphics on input line 234.
Package epstopdf Info: Output file is already uptodate.
<mrf-eps-converted-to.pdf, id=35, 433.62pt x 433.62pt>
File: mrf-eps-converted-to.pdf Graphic file (type pdf)

<use mrf-eps-converted-to.pdf>
Package pdftex.def Info: mrf-eps-converted-to.pdf used on input line 234.
(pdftex.def)             Requested size: 433.62pt x 433.63878pt.

Overfull \hbox (3.61537pt too wide) in paragraph at lines 234--235
 [][] 
 []


LaTeX Warning: Float too large for page by 29.0294pt on input line 237.

Package epstopdf Info: Source file: <mdf_fit+22.eps>
(epstopdf)                    date: 2013-06-11 16:19:15
(epstopdf)                    size: 114908 bytes
(epstopdf)             Output file: <mdf_fit+22-eps-converted-to.pdf>
(epstopdf)                    date: 2013-06-17 12:27:47
(epstopdf)                    size: 74438 bytes
(epstopdf)             Command: <epstopdf --outfile=mdf_fit+22-eps-converted-to
.pdf mdf_fit+22.eps>
(epstopdf)             \includegraphics on input line 241.
Package epstopdf Info: Output file is already uptodate.
<mdf_fit+22-eps-converted-to.pdf, id=36, 433.62pt x 433.62pt>
File: mdf_fit+22-eps-converted-to.pdf Graphic file (type pdf)

<use mdf_fit+22-eps-converted-to.pdf>
Package pdftex.def Info: mdf_fit+22-eps-converted-to.pdf used on input line 241
.
(pdftex.def)             Requested size: 433.62pt x 433.63878pt.

Overfull \hbox (3.61537pt too wide) in paragraph at lines 241--242
 [][] 
 []


LaTeX Warning: Float too large for page by 29.0294pt on input line 244.

Package epstopdf Info: Source file: <flux_dependence.eps>
(epstopdf)                    date: 2013-07-12 06:21:41
(epstopdf)                    size: 119754 bytes
(epstopdf)             Output file: <flux_dependence-eps-converted-to.pdf>
(epstopdf)                    date: 2013-07-24 16:41:58
(epstopdf)                    size: 67734 bytes
(epstopdf)             Command: <epstopdf --outfile=flux_dependence-eps-convert
ed-to.pdf flux_dependence.eps>
(epstopdf)             \includegraphics on input line 248.
Package epstopdf Info: Output file is already uptodate.
<flux_dependence-eps-converted-to.pdf, id=37, 433.62pt x 289.08pt>
File: flux_dependence-eps-converted-to.pdf Graphic file (type pdf)

<use flux_dependence-eps-converted-to.pdf>
Package pdftex.def Info: flux_dependence-eps-converted-to.pdf used on input lin
e 248.
(pdftex.def)             Requested size: 433.62pt x 289.09251pt.

Overfull \hbox (3.61537pt too wide) in paragraph at lines 248--249
 [][] 
 []

[7

 <./mr_bin-eps-converted-to.pdf>] [8] [9 <./rm_small7-eps-converted-to.pdf>]
[10 <./rm_small4-eps-converted-to.pdf>] [11 <./mrf-eps-converted-to.pdf>]
[12 <./mdf_fit+22-eps-converted-to.pdf>] [13 <./flux_dependence-eps-converted-t
o.pdf>] (./low-mass_compositions.bbl [14

] [15

] [16] [17] [18] [19] [20]
[21] [22])

Package natbib Warning: There were undefined citations.

[23] [24

] (./low-mass_compositions.aux)

LaTeX Warning: There were multiply-defined labels.

 ) 
Here is how much of TeX's memory you used:
 3723 strings out of 493633
 52279 string characters out of 3143378
 171898 words of memory out of 3000000
 6967 multiletter control sequences out of 15000+200000
 13197 words of font info for 56 fonts, out of 3000000 for 9000
 831 hyphenation exceptions out of 8191
 42i,8n,26p,1905b,509s stack positions out of 5000i,500n,10000p,200000b,50000s
</usr/local/texlive/2011/texmf-dist/fonts/type1/public/amsfonts/cm/cmbx12.pfb
></usr/local/texlive/2011/texmf-dist/fonts/type1/public/amsfonts/cm/cmbx6.pfb><
/usr/local/texlive/2011/texmf-dist/fonts/type1/public/amsfonts/cm/cmmi12.pfb></
usr/local/texlive/2011/texmf-dist/fonts/type1/public/amsfonts/cm/cmmi6.pfb></us
r/local/texlive/2011/texmf-dist/fonts/type1/public/amsfonts/cm/cmr10.pfb></usr/
local/texlive/2011/texmf-dist/fonts/type1/public/amsfonts/cm/cmr12.pfb></usr/lo
cal/texlive/2011/texmf-dist/fonts/type1/public/amsfonts/cm/cmr6.pfb></usr/local
/texlive/2011/texmf-dist/fonts/type1/public/amsfonts/cm/cmr8.pfb></usr/local/te
xlive/2011/texmf-dist/fonts/type1/public/amsfonts/cm/cmsy10.pfb></usr/local/tex
live/2011/texmf-dist/fonts/type1/public/amsfonts/cm/cmsy5.pfb></usr/local/texli
ve/2011/texmf-dist/fonts/type1/public/amsfonts/cm/cmsy8.pfb>
Output written on low-mass_compositions.pdf (24 pages, 404031 bytes).
PDF statistics:
 170 PDF objects out of 1000 (max. 8388607)
 117 compressed objects within 2 object streams
 0 named destinations out of 1000 (max. 500000)
 31 words of extra memory for PDF output out of 10000 (max. 10000000)

