This is pdfTeX, Version 3.1415926-2.3-1.40.12 (TeX Live 2011) (format=pdflatex 2011.7.3)  17 SEP 2013 00:12
entering extended mode
 \write18 enabled.
 file:line:error style messages enabled.
 %&-line parsing enabled.
**small_mr_relation.tex
(./small_mr_relation.tex
LaTeX2e <2009/09/24>
Babel <v3.8l> and hyphenation patterns for english, dumylang, nohyphenation, ge
rman-x-2009-06-19, ngerman-x-2009-06-19, afrikaans, ancientgreek, ibycus, arabi
c, armenian, basque, bulgarian, catalan, pinyin, coptic, croatian, czech, danis
h, dutch, ukenglish, usenglishmax, esperanto, estonian, ethiopic, farsi, finnis
h, french, galician, german, ngerman, swissgerman, monogreek, greek, hungarian,
 icelandic, assamese, bengali, gujarati, hindi, kannada, malayalam, marathi, or
iya, panjabi, tamil, telugu, indonesian, interlingua, irish, italian, kurmanji,
 lao, latin, latvian, lithuanian, mongolian, mongolianlmc, bokmal, nynorsk, pol
ish, portuguese, romanian, russian, sanskrit, serbian, serbianc, slovak, sloven
ian, spanish, swedish, turkish, turkmen, ukrainian, uppersorbian, welsh, loaded
.
(/usr/local/texlive/2011/texmf-dist/tex/latex/aastex/aastex.cls
Document Class: aastex 2005/06/22 5.2/AAS markup document class
Class aastex Info: Original \LaTeX2.09 style by Chris Biemesderfer (chris@seago
at.com). Adapted to \LaTeXe by A. Ogawa (ogawa@teleport.com) on input line 83.
(/usr/local/texlive/2011/texmf-dist/tex/latex/base/article.cls
Document Class: article 2007/10/19 v1.4h Standard LaTeX document class
(/usr/local/texlive/2011/texmf-dist/tex/latex/base/size12.clo
File: size12.clo 2007/10/19 v1.4h Standard LaTeX file (size option)
)
\c@part=\count79
\c@section=\count80
\c@subsection=\count81
\c@subsubsection=\count82
\c@paragraph=\count83
\c@subparagraph=\count84
\c@figure=\count85
\c@table=\count86
\abovecaptionskip=\skip41
\belowcaptionskip=\skip42
\bibindent=\dimen102
)
(/usr/local/texlive/2011/texmf-dist/tex/latex/base/latexsym.sty
Package: latexsym 1998/08/17 v2.2e Standard LaTeX package (lasy symbols)
\symlasy=\mathgroup4
LaTeX Font Info:    Overwriting symbol font `lasy' in version `bold'
(Font)                  U/lasy/m/n --> U/lasy/b/n on input line 47.
)
(/usr/local/texlive/2011/texmf-dist/tex/latex/graphics/graphicx.sty
Package: graphicx 1999/02/16 v1.0f Enhanced LaTeX Graphics (DPC,SPQR)

(/usr/local/texlive/2011/texmf-dist/tex/latex/graphics/keyval.sty
Package: keyval 1999/03/16 v1.13 key=value parser (DPC)
\KV@toks@=\toks14
)
(/usr/local/texlive/2011/texmf-dist/tex/latex/graphics/graphics.sty
Package: graphics 2009/02/05 v1.0o Standard LaTeX Graphics (DPC,SPQR)

(/usr/local/texlive/2011/texmf-dist/tex/latex/graphics/trig.sty
Package: trig 1999/03/16 v1.09 sin cos tan (DPC)
)
(/usr/local/texlive/2011/texmf-dist/tex/latex/latexconfig/graphics.cfg
File: graphics.cfg 2010/04/23 v1.9 graphics configuration of TeX Live
)
Package graphics Info: Driver file: pdftex.def on input line 91.

(/usr/local/texlive/2011/texmf-dist/tex/latex/pdftex-def/pdftex.def
File: pdftex.def 2011/05/27 v0.06d Graphics/color for pdfTeX

(/usr/local/texlive/2011/texmf-dist/tex/generic/oberdiek/infwarerr.sty
Package: infwarerr 2010/04/08 v1.3 Providing info/warning/message (HO)
)
(/usr/local/texlive/2011/texmf-dist/tex/generic/oberdiek/ltxcmds.sty
Package: ltxcmds 2011/04/18 v1.20 LaTeX kernel commands for general use (HO)
)
\Gread@gobject=\count87
))
\Gin@req@height=\dimen103
\Gin@req@width=\dimen104
)
(/usr/local/texlive/2011/texmf-dist/tex/latex/amsfonts/amssymb.sty
Package: amssymb 2009/06/22 v3.00

(/usr/local/texlive/2011/texmf-dist/tex/latex/amsfonts/amsfonts.sty
Package: amsfonts 2009/06/22 v3.00 Basic AMSFonts support
\@emptytoks=\toks15
\symAMSa=\mathgroup5
\symAMSb=\mathgroup6
LaTeX Font Info:    Overwriting math alphabet `\mathfrak' in version `bold'
(Font)                  U/euf/m/n --> U/euf/b/n on input line 96.
))
(/usr/local/texlive/2011/texmf-dist/tex/latex/natbib/natbib.sty
Package: natbib 2010/09/13 8.31b (PWD, AO)
\bibhang=\skip43
\bibsep=\skip44
LaTeX Info: Redefining \cite on input line 694.
\c@NAT@ctr=\count88
)
(/usr/local/texlive/2011/texmf-dist/tex/latex/tools/verbatim.sty
Package: verbatim 2003/08/22 v1.5q LaTeX2e package for verbatim enhancements
\every@verbatim=\toks16
\verbatim@line=\toks17
\verbatim@in@stream=\read1
)
\@slugcmmntwidth=\dimen105
\abstract@box=\box26
\c@editornote=\count89
\c@cureqno=\count90
\tnotemarkskip=\skip45
\@abovenoteskip=\dimen106
\pt@box=\box27
\pt@width=\dimen107
\pt@line=\count91
\pt@column=\count92
\pt@nlines=\count93
\pt@ncol=\count94
\pt@page=\count95
\tabbaseskip=\dimen108
\pt@tmpcapwidth=\dimen109
\spew@tblnotesbox=\box28
\restof@tblnotesbox=\box29
\noteheight=\dimen110
\pt@tabnoteminht=\dimen111
\firsttabskip=\dimen112
\captionbox=\box30
\pt@reduceline=\dimen113
\extra@vspace=\dimen114
\c@plate=\count96
\my@footins=\box31
)
(/usr/local/texlive/2011/texmf-dist/tex/latex/geometry/geometry.sty
Package: geometry 2010/09/12 v5.6 Page Geometry

(/usr/local/texlive/2011/texmf-dist/tex/generic/oberdiek/ifpdf.sty
Package: ifpdf 2011/01/30 v2.3 Provides the ifpdf switch (HO)
Package ifpdf Info: pdfTeX in PDF mode is detected.
)
(/usr/local/texlive/2011/texmf-dist/tex/generic/oberdiek/ifvtex.sty
Package: ifvtex 2010/03/01 v1.5 Switches for detecting VTeX and its modes (HO)
Package ifvtex Info: VTeX not detected.
)
(/usr/local/texlive/2011/texmf-dist/tex/generic/ifxetex/ifxetex.sty
Package: ifxetex 2010/09/12 v0.6 Provides ifxetex conditional
)
\Gm@cnth=\count97
\Gm@cntv=\count98
\c@Gm@tempcnt=\count99
\Gm@bindingoffset=\dimen115
\Gm@wd@mp=\dimen116
\Gm@odd@mp=\dimen117
\Gm@even@mp=\dimen118
\Gm@layoutwidth=\dimen119
\Gm@layoutheight=\dimen120
\Gm@layouthoffset=\dimen121
\Gm@layoutvoffset=\dimen122
\Gm@dimlist=\toks18
)
(/usr/local/texlive/2011/texmf-dist/tex/latex/oberdiek/epstopdf.sty
Package: epstopdf 2010/02/09 v2.5 Conversion with epstopdf on the fly (HO)

(/usr/local/texlive/2011/texmf-dist/tex/latex/oberdiek/epstopdf-base.sty
Package: epstopdf-base 2010/02/09 v2.5 Base part for package epstopdf

(/usr/local/texlive/2011/texmf-dist/tex/latex/oberdiek/grfext.sty
Package: grfext 2010/08/19 v1.1 Managing graphics extensions (HO)

(/usr/local/texlive/2011/texmf-dist/tex/generic/oberdiek/kvdefinekeys.sty
Package: kvdefinekeys 2011/04/07 v1.3 Defining keys (HO)
))
(/usr/local/texlive/2011/texmf-dist/tex/latex/oberdiek/kvoptions.sty
Package: kvoptions 2010/12/23 v3.10 Keyval support for LaTeX options (HO)

(/usr/local/texlive/2011/texmf-dist/tex/generic/oberdiek/kvsetkeys.sty
Package: kvsetkeys 2011/04/07 v1.13 Key value parser (HO)

(/usr/local/texlive/2011/texmf-dist/tex/generic/oberdiek/etexcmds.sty
Package: etexcmds 2011/02/16 v1.5 Prefix for e-TeX command names (HO)

(/usr/local/texlive/2011/texmf-dist/tex/generic/oberdiek/ifluatex.sty
Package: ifluatex 2010/03/01 v1.3 Provides the ifluatex switch (HO)
Package ifluatex Info: LuaTeX not detected.
)
Package etexcmds Info: Could not find \expanded.
(etexcmds)             That can mean that you are not using pdfTeX 1.50 or
(etexcmds)             that some package has redefined \expanded.
(etexcmds)             In the latter case, load this package earlier.
)))
(/usr/local/texlive/2011/texmf-dist/tex/generic/oberdiek/pdftexcmds.sty
Package: pdftexcmds 2011/04/22 v0.16 Utilities of pdfTeX for LuaTeX (HO)
Package pdftexcmds Info: LuaTeX not detected.
Package pdftexcmds Info: \pdf@primitive is available.
Package pdftexcmds Info: \pdf@ifprimitive is available.
Package pdftexcmds Info: \pdfdraftmode found.
)
Package grfext Info: Graphics extension search list:
(grfext)             [.png,.pdf,.jpg,.mps,.jpeg,.jbig2,.jb2,.PNG,.PDF,.JPG,.JPE
G,.JBIG2,.JB2,.eps]
(grfext)             \AppendGraphicsExtensions on input line 452.

(/usr/local/texlive/2011/texmf-dist/tex/latex/latexconfig/epstopdf-sys.cfg
File: epstopdf-sys.cfg 2010/07/13 v1.3 Configuration of (r)epstopdf for TeX Liv
e
)))
(/Users/lweiss/Dropbox/research/physical_quantities.tex)
(./small_mr_relation.aux

LaTeX Warning: Label `fig:rm_4' multiply defined.

)
\openout1 = `small_mr_relation.aux'.

LaTeX Font Info:    Checking defaults for OML/cmm/m/it on input line 21.
LaTeX Font Info:    ... okay on input line 21.
LaTeX Font Info:    Checking defaults for T1/cmr/m/n on input line 21.
LaTeX Font Info:    ... okay on input line 21.
LaTeX Font Info:    Checking defaults for OT1/cmr/m/n on input line 21.
LaTeX Font Info:    ... okay on input line 21.
LaTeX Font Info:    Checking defaults for OMS/cmsy/m/n on input line 21.
LaTeX Font Info:    ... okay on input line 21.
LaTeX Font Info:    Checking defaults for OMX/cmex/m/n on input line 21.
LaTeX Font Info:    ... okay on input line 21.
LaTeX Font Info:    Checking defaults for U/cmr/m/n on input line 21.
LaTeX Font Info:    ... okay on input line 21.
 (/usr/local/texlive/2011/texmf-dist/tex/context/base/supp-pdf.mkii
[Loading MPS to PDF converter (version 2006.09.02).]
\scratchcounter=\count100
\scratchdimen=\dimen123
\scratchbox=\box32
\nofMPsegments=\count101
\nofMParguments=\count102
\everyMPshowfont=\toks19
\MPscratchCnt=\count103
\MPscratchDim=\dimen124
\MPnumerator=\count104
\makeMPintoPDFobject=\count105
\everyMPtoPDFconversion=\toks20
)
AAS manuscript substyle, v5.2 <12 Dec 2003>.
*geometry* driver: auto-detecting
*geometry* detected driver: pdftex
*geometry* verbose mode - [ preamble ] result:
* driver: pdftex
* paper: letterpaper
* layout: <same size as paper>
* layoutoffset:(h,v)=(0.0pt,0.0pt)
* modes: 
* h-part:(L,W,R)=(92.14519pt, 430.00462pt, 92.14519pt)
* v-part:(T,H,B)=(95.39737pt, 556.47656pt, 143.09605pt)
* \paperwidth=614.295pt
* \paperheight=794.96999pt
* \textwidth=430.00462pt
* \textheight=556.47656pt
* \oddsidemargin=19.8752pt
* \evensidemargin=19.8752pt
* \topmargin=-12.71268pt
* \headheight=10.84006pt
* \headsep=25.0pt
* \topskip=12.0pt
* \footskip=30.0pt
* \marginparwidth=0.0pt
* \marginparsep=10.0pt
* \columnsep=10.0pt
* \skip\footins=20.66669pt plus 5.16667pt minus 2.58333pt
* \hoffset=0.0pt
* \voffset=0.0pt
* \mag=1000
* \@twocolumnfalse
* \@twosidefalse
* \@mparswitchfalse
* \@reversemarginfalse
* (1in=72.27pt=25.4mm, 1cm=28.453pt)

LaTeX Font Info:    Try loading font information for U+lasy on input line 22.
(/usr/local/texlive/2011/texmf-dist/tex/latex/base/ulasy.fd
File: ulasy.fd 1998/08/17 v2.2e LaTeX symbol font definitions
)
LaTeX Font Info:    Try loading font information for U+msa on input line 22.

(/usr/local/texlive/2011/texmf-dist/tex/latex/amsfonts/umsa.fd
File: umsa.fd 2009/06/22 v3.00 AMS symbols A
)
LaTeX Font Info:    Try loading font information for U+msb on input line 22.

(/usr/local/texlive/2011/texmf-dist/tex/latex/amsfonts/umsb.fd
File: umsb.fd 2009/06/22 v3.00 AMS symbols B
) [1

{/usr/local/texlive/2011/texmf-var/fonts/map/pdftex/updmap/pdftex.map}]
Missing character: There is no Õ in font cmr12!
 [2

]

Package natbib Warning: Citation `Marcy2013' on page 3 undefined on input line 
33.


Package natbib Warning: Citation `Lissauer2013' on page 3 undefined on input li
ne 33.


Package natbib Warning: Citation `Demory2013' on page 3 undefined on input line
 33.


Package natbib Warning: Citation `Dragomir2013' on page 3 undefined on input li
ne 33.

[3] [4] [5]

Package natbib Warning: Citation `Marcy2013' on page 6 undefined on input line 
65.

[6]

Package natbib Warning: Citation `Lissauer' on page 7 undefined on input line 7
3.

[7] [8]

Package natbib Warning: Citation `Demory2013' on page 9 undefined on input line
 133.


Package natbib Warning: Citation `Dragomir2013' on page 9 undefined on input li
ne 137.


Package natbib Warning: Citation `Lissauer2013' on page 9 undefined on input li
ne 139.

Page 1 of table 1 has been set to width 489.35564pt with 45 lines per page 

Overfull \hbox (59.35101pt too wide) in paragraph at lines 128--171
 [][] 
 []

[9] [10]
Table 1 has been set to width 370.15172pt
[11]
Package epstopdf Info: Source file: <mrf.eps>
(epstopdf)                    date: 2013-08-10 01:36:13
(epstopdf)                    size: 107007 bytes
(epstopdf)             Output file: <mrf-eps-converted-to.pdf>
(epstopdf)                    date: 2013-08-10 01:36:46
(epstopdf)                    size: 65193 bytes
(epstopdf)             Command: <epstopdf --outfile=mrf-eps-converted-to.pdf mr
f.eps>
(epstopdf)             \includegraphics on input line 218.
Package epstopdf Info: Output file is already uptodate.
 <mrf-eps-converted-to.pdf, id=48, 433.62pt x 433.62pt>
File: mrf-eps-converted-to.pdf Graphic file (type pdf)

<use mrf-eps-converted-to.pdf>
Package pdftex.def Info: mrf-eps-converted-to.pdf used on input line 218.
(pdftex.def)             Requested size: 433.62pt x 433.63878pt.

Overfull \hbox (3.61537pt too wide) in paragraph at lines 218--219
 [][] 
 []


LaTeX Warning: Float too large for page by 49.89618pt on input line 221.

Package epstopdf Info: Source file: <mr_bin.eps>
(epstopdf)                    date: 2013-09-17 00:10:57
(epstopdf)                    size: 17779 bytes
(epstopdf)             Output file: <mr_bin-eps-converted-to.pdf>
(epstopdf)                    date: 2013-09-03 17:28:23
(epstopdf)                    size: 11197 bytes
(epstopdf)             Command: <epstopdf --outfile=mr_bin-eps-converted-to.pdf
 mr_bin.eps>
(epstopdf)             \includegraphics on input line 225.
runsystem(epstopdf --outfile=mr_bin-eps-converted-to.pdf mr_bin.eps)...executed
.

Package epstopdf Info: Result file: <mr_bin-eps-converted-to.pdf>
(epstopdf)                    date: 2013-09-17 00:12:42
(epstopdf)                    size: 11178 bytes.
<mr_bin-eps-converted-to.pdf, id=49, 578.16pt x 289.08pt>
File: mr_bin-eps-converted-to.pdf Graphic file (type pdf)

<use mr_bin-eps-converted-to.pdf>
Package pdftex.def Info: mr_bin-eps-converted-to.pdf used on input line 225.
(pdftex.def)             Requested size: 433.62pt x 216.80946pt.

Overfull \hbox (3.61537pt too wide) in paragraph at lines 225--226
 [][] 
 []

Package epstopdf Info: Source file: <rm_small7.eps>
(epstopdf)                    date: 2013-09-17 00:08:56
(epstopdf)                    size: 41004 bytes
(epstopdf)             Output file: <rm_small7-eps-converted-to.pdf>
(epstopdf)                    date: 2013-08-10 04:21:18
(epstopdf)                    size: 29776 bytes
(epstopdf)             Command: <epstopdf --outfile=rm_small7-eps-converted-to.
pdf rm_small7.eps>
(epstopdf)             \includegraphics on input line 232.
runsystem(epstopdf --outfile=rm_small7-eps-converted-to.pdf rm_small7.eps)...ex
ecuted.

Package epstopdf Info: Result file: <rm_small7-eps-converted-to.pdf>
(epstopdf)                    date: 2013-09-17 00:12:42
(epstopdf)                    size: 30433 bytes.
<rm_small7-eps-converted-to.pdf, id=50, 433.62pt x 289.08pt>
File: rm_small7-eps-converted-to.pdf Graphic file (type pdf)

<use rm_small7-eps-converted-to.pdf>
Package pdftex.def Info: rm_small7-eps-converted-to.pdf used on input line 232.

(pdftex.def)             Requested size: 433.62pt x 289.09251pt.

Overfull \hbox (3.61537pt too wide) in paragraph at lines 232--233
 [][] 
 []

Package epstopdf Info: Source file: <rm_small4.eps>
(epstopdf)                    date: 2013-09-17 00:10:57
(epstopdf)                    size: 36371 bytes
(epstopdf)             Output file: <rm_small4-eps-converted-to.pdf>
(epstopdf)                    date: 2013-09-03 17:28:23
(epstopdf)                    size: 27065 bytes
(epstopdf)             Command: <epstopdf --outfile=rm_small4-eps-converted-to.
pdf rm_small4.eps>
(epstopdf)             \includegraphics on input line 239.
runsystem(epstopdf --outfile=rm_small4-eps-converted-to.pdf rm_small4.eps)...ex
ecuted.

Package epstopdf Info: Result file: <rm_small4-eps-converted-to.pdf>
(epstopdf)                    date: 2013-09-17 00:12:42
(epstopdf)                    size: 27197 bytes.
<rm_small4-eps-converted-to.pdf, id=51, 433.62pt x 361.35pt>
File: rm_small4-eps-converted-to.pdf Graphic file (type pdf)

<use rm_small4-eps-converted-to.pdf>
Package pdftex.def Info: rm_small4-eps-converted-to.pdf used on input line 239.

(pdftex.def)             Requested size: 433.62pt x 361.36566pt.

Overfull \hbox (3.61537pt too wide) in paragraph at lines 239--240
 [][] 
 []


LaTeX Warning: Float too large for page by 26.35655pt on input line 242.

Package epstopdf Info: Source file: <mr_residuals7.eps>
(epstopdf)                    date: 2013-08-10 04:13:19
(epstopdf)                    size: 118839 bytes
(epstopdf)             Output file: <mr_residuals7-eps-converted-to.pdf>
(epstopdf)                    date: 2013-08-10 04:21:18
(epstopdf)                    size: 69022 bytes
(epstopdf)             Command: <epstopdf --outfile=mr_residuals7-eps-converted
-to.pdf mr_residuals7.eps>
(epstopdf)             \includegraphics on input line 246.
Package epstopdf Info: Output file is already uptodate.
<mr_residuals7-eps-converted-to.pdf, id=52, 433.62pt x 433.62pt>
File: mr_residuals7-eps-converted-to.pdf Graphic file (type pdf)

<use mr_residuals7-eps-converted-to.pdf>
Package pdftex.def Info: mr_residuals7-eps-converted-to.pdf used on input line 
246.
(pdftex.def)             Requested size: 433.62pt x 433.63878pt.

Overfull \hbox (3.61537pt too wide) in paragraph at lines 246--247
 [][] 
 []


LaTeX Warning: Float too large for page by 5.82932pt on input line 249.

Package epstopdf Info: Source file: <rhor_7.eps>
(epstopdf)                    date: 2013-08-10 04:13:19
(epstopdf)                    size: 38659 bytes
(epstopdf)             Output file: <rhor_7-eps-converted-to.pdf>
(epstopdf)                    date: 2013-08-10 04:21:19
(epstopdf)                    size: 26263 bytes
(epstopdf)             Command: <epstopdf --outfile=rhor_7-eps-converted-to.pdf
 rhor_7.eps>
(epstopdf)             \includegraphics on input line 253.
Package epstopdf Info: Output file is already uptodate.
<rhor_7-eps-converted-to.pdf, id=53, 433.62pt x 289.08pt>
File: rhor_7-eps-converted-to.pdf Graphic file (type pdf)

<use rhor_7-eps-converted-to.pdf>
Package pdftex.def Info: rhor_7-eps-converted-to.pdf used on input line 253.
(pdftex.def)             Requested size: 433.62pt x 289.09251pt.

Overfull \hbox (3.61537pt too wide) in paragraph at lines 253--254
 [][] 
 []

Package epstopdf Info: Source file: <flux_dependence.eps>
(epstopdf)                    date: 2013-09-17 00:10:57
(epstopdf)                    size: 99387 bytes
(epstopdf)             Output file: <flux_dependence-eps-converted-to.pdf>
(epstopdf)                    date: 2013-08-10 01:36:47
(epstopdf)                    size: 70499 bytes
(epstopdf)             Command: <epstopdf --outfile=flux_dependence-eps-convert
ed-to.pdf flux_dependence.eps>
(epstopdf)             \includegraphics on input line 261.
runsystem(epstopdf --outfile=flux_dependence-eps-converted-to.pdf flux_dependen
ce.eps)...executed.

Package epstopdf Info: Result file: <flux_dependence-eps-converted-to.pdf>
(epstopdf)                    date: 2013-09-17 00:12:43
(epstopdf)                    size: 59051 bytes.
<flux_dependence-eps-converted-to.pdf, id=54, 433.62pt x 289.08pt>
File: flux_dependence-eps-converted-to.pdf Graphic file (type pdf)

<use flux_dependence-eps-converted-to.pdf>
Package pdftex.def Info: flux_dependence-eps-converted-to.pdf used on input lin
e 261.
(pdftex.def)             Requested size: 433.62pt x 289.09251pt.

Overfull \hbox (3.61537pt too wide) in paragraph at lines 261--262
 [][] 
 []

[12 <./mrf-eps-converted-to.pdf>] [13 <./mr_bin-eps-converted-to.pdf>] [14 <./r
m_small7-eps-converted-to.pdf>] [15 <./rm_small4-eps-converted-to.pdf>]
[16 <./mr_residuals7-eps-converted-to.pdf>] [17 <./rhor_7-eps-converted-to.pdf>
] [18 <./flux_dependence-eps-converted-to.pdf>] (./small_mr_relation.bbl
[19




])

Package natbib Warning: There were undefined citations.

[20] (./small_mr_relation.aux)

LaTeX Warning: There were multiply-defined labels.

 ) 
Here is how much of TeX's memory you used:
 3353 strings out of 493633
 45407 string characters out of 3143378
 130909 words of memory out of 3000000
 6596 multiletter control sequences out of 15000+200000
 13197 words of font info for 56 fonts, out of 3000000 for 9000
 831 hyphenation exceptions out of 8191
 42i,8n,26p,1901b,299s stack positions out of 5000i,500n,10000p,200000b,50000s
</usr/local/texlive/2011/texmf-dist/fonts/type1/public/amsfonts/cm/cmbx12.pfb
></usr/local/texlive/2011/texmf-dist/fonts/type1/public/amsfonts/cm/cmbx6.pfb><
/usr/local/texlive/2011/texmf-dist/fonts/type1/public/amsfonts/cm/cmmi12.pfb></
usr/local/texlive/2011/texmf-dist/fonts/type1/public/amsfonts/cm/cmmi6.pfb></us
r/local/texlive/2011/texmf-dist/fonts/type1/public/amsfonts/cm/cmr10.pfb></usr/
local/texlive/2011/texmf-dist/fonts/type1/public/amsfonts/cm/cmr12.pfb></usr/lo
cal/texlive/2011/texmf-dist/fonts/type1/public/amsfonts/cm/cmr6.pfb></usr/local
/texlive/2011/texmf-dist/fonts/type1/public/amsfonts/cm/cmr8.pfb></usr/local/te
xlive/2011/texmf-dist/fonts/type1/public/amsfonts/cm/cmsy10.pfb></usr/local/tex
live/2011/texmf-dist/fonts/type1/public/amsfonts/cm/cmsy5.pfb></usr/local/texli
ve/2011/texmf-dist/fonts/type1/public/amsfonts/cm/cmsy8.pfb>
Output written on small_mr_relation.pdf (20 pages, 414265 bytes).
PDF statistics:
 172 PDF objects out of 1000 (max. 8388607)
 119 compressed objects within 2 object streams
 0 named destinations out of 1000 (max. 500000)
 36 words of extra memory for PDF output out of 10000 (max. 10000000)

